-- Autodetected CUDA architecture(s):  8.7
-- CUDA Architecture(s): -gencode=arch=compute_87,code=sm_87
-- Autodetected CUDA architecture(s):  8.7
-- CUDA Architecture(s): -gencode=arch=compute_87,code=sm_87
-- Found ament_cmake: 0.9.12 (/opt/ros/foxy/share/ament_cmake/cmake)
-- Using PYTHON_EXECUTABLE: /usr/bin/python3
-- Override CMake install command with custom implementation using symlinks instead of copying resources
-- Found rclcpp: 2.4.3 (/opt/ros/foxy/share/rclcpp/cmake)
-- Using all available rosidl_typesupport_c: rosidl_typesupport_fastrtps_c;rosidl_typesupport_introspection_c
-- Found rosidl_adapter: 1.3.1 (/opt/ros/foxy/share/rosidl_adapter/cmake)
-- Using all available rosidl_typesupport_cpp: rosidl_typesupport_fastrtps_cpp;rosidl_typesupport_introspection_cpp
-- Found rmw_implementation_cmake: 1.0.4 (/opt/ros/foxy/share/rmw_implementation_cmake/cmake)
-- Using RMW implementation 'rmw_fastrtps_cpp' as default
-- Found ackermann_msgs: 2.0.2 (/opt/ros/foxy/share/ackermann_msgs/cmake)
-- Found ament_lint_auto: 0.9.8 (/opt/ros/foxy/share/ament_lint_auto/cmake)
-- Added test 'copyright' to check source files copyright and LICENSE
-- Added test 'cppcheck' to perform static code analysis on C / C++ code
-- Configured cppcheck include dirs: /home/kt/repos/mppi/src/mppi/include/mppi;/home/kt/repos/mppi/src/mppi/src;$<BUILD_INTERFACE:/home/kt/repos/mppi/src/mppi/include>
-- Configured cppcheck exclude dirs and/or files: 
-- Added test 'cpplint' to check C / C++ code against the Google style
-- Configured cpplint exclude dirs and/or files: 
-- Added test 'flake8' to check Python code syntax and style conventions
-- Added test 'lint_cmake' to check CMake code style
-- Added test 'pep257' to check Python code against some of the style conventions in PEP 257
-- Added test 'uncrustify' to check C / C++ code style
-- Configured uncrustify additional arguments: 
-- Added test 'xmllint' to check XML markup files
-- Configuring done
-- Generating done
-- Build files have been written to: /home/kt/repos/mppi/build/mppi
[ 25%] Built target cnpy-static
[ 50%] Built target cnpy
[35m[1mScanning dependencies of target mppi_node[0m
[ 75%] Built target example1
[ 87%] [32mBuilding CUDA object CMakeFiles/mppi_node.dir/src/mppi_node.cu.o[0m
In file included from [01m[K/usr/include/eigen3/Eigen/Core:257[m[K,
                 from [01m[K/home/kt/repos/mppi/src/mppi/submodules/MPPI-Generic/include/mppi/controllers/controller.cuh:9[m[K,
                 from [01m[K/home/kt/repos/mppi/src/mppi/submodules/MPPI-Generic/include/mppi/controllers/MPPI/mppi_controller.cuh:11[m[K,
                 from [01m[K/home/kt/repos/mppi/src/mppi/src/mppi_node.cu:7[m[K:
[01m[K/usr/local/cuda/bin/../targets/aarch64-linux/include/host_defines.h:54:2:[m[K [01;35m[Kwarning: [m[K#warning "host_defines.h is an internal header file and must not be used directly.  This file will be removed in a future CUDA release.  Please use cuda_runtime_api.h or cuda_runtime.h instead." [[01;35m[K-Wcpp[m[K]
   54 | #[01;35m[Kwarning[m[K "host_defines.h is an internal header file and must not be used directly.  This file will be removed in a future CUDA release.  Please use cuda_runtime_api.h or cuda_runtime.h instead."
      |  [01;35m[K^~~~~~~[m[K
[01m[0m[01m/opt/ros/foxy/include/rosidl_runtime_cpp/bounded_vector.hpp(477)[0m: [01;31merror[0m: "auto" function requires a trailing return type

[01m[0m[01m/opt/ros/foxy/include/builtin_interfaces/msg/detail/duration__builder.hpp(60)[0m: [01;31merror[0m: "auto" function requires a trailing return type

[01m[0m[01m/opt/ros/foxy/include/builtin_interfaces/msg/detail/duration__builder.hpp(64)[0m: [01;31merror[0m: "auto" function requires a trailing return type

[01m[0m[01m/opt/ros/foxy/include/rclcpp/experimental/intra_process_manager.hpp(435)[0m: [01;31merror[0m: namespace [01m"std"[0m has no member "[01mshared_timed_mutex[0m"

[01m[0m[01m/opt/ros/foxy/include/builtin_interfaces/msg/detail/time__builder.hpp(60)[0m: [01;31merror[0m: "auto" function requires a trailing return type

[01m[0m[01m/opt/ros/foxy/include/builtin_interfaces/msg/detail/time__builder.hpp(64)[0m: [01;31merror[0m: "auto" function requires a trailing return type

[01m[0m[01m/opt/ros/foxy/include/builtin_interfaces/msg/detail/time__builder.hpp(64)[0m: [01;31merror[0m: more than one instance of overloaded function [01m"builtin_interfaces::build"[0m matches the argument list:

[01m[0m[01m/opt/ros/foxy/include/rclcpp/subscription_traits.hpp(83)[0m: [01;31merror[0m: namespace [01m"std"[0m has no member "[01mremove_cv_t[0m"

[01m[0m[01m/opt/ros/foxy/include/rclcpp/subscription_traits.hpp(83)[0m: [01;31merror[0m: expected a ">"

[01m[0m[01m/opt/ros/foxy/include/rclcpp/subscription_traits.hpp(82)[0m: [01;31merror[0m: namespace [01m"std"[0m has no member "[01menable_if_t[0m"

[01m[0m[01m/opt/ros/foxy/include/rclcpp/subscription_traits.hpp(82)[0m: [01;31merror[0m: expected a "," or ">"

[01m[0m[01m/opt/ros/foxy/include/rclcpp/subscription_traits.hpp(83)[0m: [01;31merror[0m: expected a declaration

[01m[0m[01m/opt/ros/foxy/include/rclcpp/subscription_traits.hpp(83)[0m: [01;31merror[0m: expected a ";"

[01m[0m[01m/opt/ros/foxy/include/statistics_msgs/msg/detail/metrics_message__builder.hpp(124)[0m: [01;31merror[0m: "auto" function requires a trailing return type

[01m[0m[01m/opt/ros/foxy/include/statistics_msgs/msg/detail/metrics_message__builder.hpp(128)[0m: [01;31merror[0m: "auto" function requires a trailing return type

[01m[0m[01m/opt/ros/foxy/include/rcl_interfaces/msg/detail/list_parameters_result__builder.hpp(60)[0m: [01;31merror[0m: "auto" function requires a trailing return type

[01m[0m[01m/opt/ros/foxy/include/rcl_interfaces/msg/detail/list_parameters_result__builder.hpp(64)[0m: [01;31merror[0m: "auto" function requires a trailing return type

[01m[0m[01m/opt/ros/foxy/include/rcl_interfaces/msg/detail/parameter_descriptor__builder.hpp(140)[0m: [01;31merror[0m: "auto" function requires a trailing return type

[01m[0m[01m/opt/ros/foxy/include/rcl_interfaces/msg/detail/parameter_descriptor__builder.hpp(144)[0m: [01;31merror[0m: "auto" function requires a trailing return type

[01m[0m[01m/opt/ros/foxy/include/rcl_interfaces/msg/detail/parameter_descriptor__builder.hpp(144)[0m: [01;31merror[0m: more than one instance of overloaded function [01m"rcl_interfaces::build"[0m matches the argument list:

[01m[0m[01m/opt/ros/foxy/include/rcl_interfaces/msg/detail/parameter_event__builder.hpp(108)[0m: [01;31merror[0m: "auto" function requires a trailing return type

[01m[0m[01m/opt/ros/foxy/include/rcl_interfaces/msg/detail/parameter_event__builder.hpp(112)[0m: [01;31merror[0m: "auto" function requires a trailing return type

[01m[0m[01m/opt/ros/foxy/include/rcl_interfaces/msg/detail/parameter_event__builder.hpp(112)[0m: [01;31merror[0m: more than one instance of overloaded function [01m"rcl_interfaces::build"[0m matches the argument list:

[01m[0m[01m/opt/ros/foxy/include/rcl_interfaces/msg/detail/set_parameters_result__builder.hpp(60)[0m: [01;31merror[0m: "auto" function requires a trailing return type

[01m[0m[01m/opt/ros/foxy/include/rcl_interfaces/msg/detail/set_parameters_result__builder.hpp(64)[0m: [01;31merror[0m: "auto" function requires a trailing return type

[01m[0m[01m/opt/ros/foxy/include/rcl_interfaces/msg/detail/set_parameters_result__builder.hpp(64)[0m: [01;31merror[0m: more than one instance of overloaded function [01m"rcl_interfaces::build"[0m matches the argument list:

[01m[0m[01m/opt/ros/foxy/include/rcl_interfaces/msg/detail/parameter__builder.hpp(60)[0m: [01;31merror[0m: "auto" function requires a trailing return type

[01m[0m[01m/opt/ros/foxy/include/rcl_interfaces/msg/detail/parameter__builder.hpp(64)[0m: [01;31merror[0m: "auto" function requires a trailing return type

[01m[0m[01m/opt/ros/foxy/include/rcl_interfaces/msg/detail/parameter__builder.hpp(64)[0m: [01;31merror[0m: more than one instance of overloaded function [01m"rcl_interfaces::build"[0m matches the argument list:

[01m[0m[01m/opt/ros/foxy/include/rcl_interfaces/msg/detail/parameter_type__builder.hpp(24)[0m: [01;31merror[0m: "auto" function requires a trailing return type

[01m[0m[01m/opt/ros/foxy/include/rcl_interfaces/msg/detail/parameter_type__builder.hpp(28)[0m: [01;31merror[0m: "auto" function requires a trailing return type

[01m[0m[01m/opt/ros/foxy/include/rcl_interfaces/msg/detail/parameter_type__builder.hpp(28)[0m: [01;31merror[0m: more than one instance of overloaded function [01m"rcl_interfaces::build"[0m matches the argument list:

[01m[0m[01m/opt/ros/foxy/include/rcl_interfaces/msg/detail/parameter_value__builder.hpp(188)[0m: [01;31merror[0m: "auto" function requires a trailing return type

[01m[0m[01m/opt/ros/foxy/include/rcl_interfaces/msg/detail/parameter_value__builder.hpp(192)[0m: [01;31merror[0m: "auto" function requires a trailing return type

[01m[0m[01m/opt/ros/foxy/include/rcl_interfaces/msg/detail/parameter_value__builder.hpp(192)[0m: [01;31merror[0m: more than one instance of overloaded function [01m"rcl_interfaces::build"[0m matches the argument list:

[01m[0m[01m/opt/ros/foxy/include/rclcpp/parameter.hpp(46)[0m: [01;31merror[0m: "auto" function requires a trailing return type

[01m[0m[01m/opt/ros/foxy/include/rclcpp/parameter.hpp(116)[0m: [01;31merror[0m: expected a declaration

[01m[0m[01m/opt/ros/foxy/include/rclcpp/parameter.hpp(131)[0m: [01;31merror[0m: expected a ";"

[01m[0m[01m/opt/ros/foxy/include/rclcpp/parameter.hpp(236)[0m: [01;31merror[0m: "auto" function requires a trailing return type

[01m[0m[01m/opt/ros/foxy/include/rclcpp/parameter.hpp(245)[0m: [01;31merror[0m: "auto" function requires a trailing return type

[01m[0m[01m/opt/ros/foxy/include/rclcpp/parameter.hpp(246)[0m: [01;31merror[0m: more than one instance of overloaded function [01m"rclcpp::detail::get_value_helper"[0m matches the argument list:

[01m[0m[01m/opt/ros/foxy/include/rclcpp/parameter.hpp(254)[0m: [01;31merror[0m: "auto" function requires a trailing return type

[01m[0m[01m/opt/ros/foxy/include/rclcpp/parameter.hpp(255)[0m: [01;31merror[0m: more than one instance of overloaded function [01m"rclcpp::detail::get_value_helper"[0m matches the argument list:

[01m[0m[01m/opt/ros/foxy/include/rclcpp/parameter.hpp(268)[0m: [01;31merror[0m: expected an identifier

[01m[0m[01m/opt/ros/foxy/include/rclcpp/parameter.hpp(268)[0m: [01;31merror[0m: "auto" is not allowed here

[01m[0m[01m/opt/ros/foxy/include/rclcpp/parameter.hpp(269)[0m: [01;31merror[0m: expected a ";"

[01m[0m[01m/opt/ros/foxy/include/rclcpp/subscription_factory.hpp(78)[0m: [01;31merror[0m: namespace [01m"rclcpp::subscription_traits"[0m has no member "[01mhas_message_type[0m"

[01m[0m[01m/opt/ros/foxy/include/rclcpp/subscription_factory.hpp(78)[0m: [01;31merror[0m: expected a "," or ">"

[01m[0m[01m/opt/ros/foxy/include/rclcpp/subscription_factory.hpp(78)[0m: [01;31merror[0m: the global scope has no "[01mtype[0m"

[01m[0m[01m/opt/ros/foxy/include/rclcpp/subscription_factory.hpp(122)[0m: [01;31merror[0m: expected a ";"

[01m[0m[01m/opt/ros/foxy/include/rclcpp/subscription_factory.hpp(123)[0m: [01;31merror[0m: no instance of overloaded function [01m"std::dynamic_pointer_cast"[0m matches the argument list
            argument types are: (int)

[01m[0m[01m/opt/ros/foxy/include/rclcpp/subscription_factory.hpp(124)[0m: [01;31merror[0m: expected a declaration

[01m[0m[01m/opt/ros/foxy/include/rclcpp/subscription_factory.hpp(126)[0m: [01;31merror[0m: expected a declaration

[01m[0m[01m/opt/ros/foxy/include/rclcpp/subscription_factory.hpp(129)[0m: [01;31merror[0m: expected a declaration

[01m[0m[01m/opt/ros/foxy/include/rclcpp/subscription_factory.hpp(130)[0m: [01;31merror[0m: expected a declaration

[01m[0m[01m/opt/ros/foxy/include/rclcpp/node_interfaces/node_topics_interface.hpp(66)[0m: [01;31merror[0m: invalid specifier outside a class declaration

[01m[0m[01m/opt/ros/foxy/include/rclcpp/node_interfaces/node_topics_interface.hpp(71)[0m: [01;31merror[0m: function [01m"create_subscription"[0m may not be initialized

[01m[0m[01m/opt/ros/foxy/include/rclcpp/node_interfaces/node_topics_interface.hpp(74)[0m: [01;31merror[0m: invalid specifier outside a class declaration

[01m[0m[01m/opt/ros/foxy/include/rclcpp/node_interfaces/node_topics_interface.hpp(78)[0m: [01;31merror[0m: function [01m"add_subscription"[0m may not be initialized

[01m[0m[01m/opt/ros/foxy/include/rclcpp/node_interfaces/node_topics_interface.hpp(81)[0m: [01;31merror[0m: invalid specifier outside a class declaration

[01m[0m[01m/opt/ros/foxy/include/rclcpp/node_interfaces/node_topics_interface.hpp(83)[0m: [01;31merror[0m: a type qualifier is not allowed on a nonmember function

[01m[0m[01m/opt/ros/foxy/include/rclcpp/node_interfaces/node_topics_interface.hpp(83)[0m: [01;31merror[0m: function [01m"get_node_base_interface"[0m may not be initialized

[01m[0m[01m/opt/ros/foxy/include/rclcpp/node_interfaces/node_topics_interface.hpp(86)[0m: [01;31merror[0m: invalid specifier outside a class declaration

[01m[0m[01m/opt/ros/foxy/include/rclcpp/node_interfaces/node_topics_interface.hpp(88)[0m: [01;31merror[0m: a type qualifier is not allowed on a nonmember function

[01m[0m[01m/opt/ros/foxy/include/rclcpp/node_interfaces/node_topics_interface.hpp(88)[0m: [01;31merror[0m: function [01m"get_node_timers_interface"[0m may not be initialized

[01m[0m[01m/opt/ros/foxy/include/rclcpp/node_interfaces/node_topics_interface.hpp(89)[0m: [01;31merror[0m: expected a declaration

[01m[0m[01m/opt/ros/foxy/include/rclcpp/node_interfaces/node_topics_interface.hpp(91)[0m: [01;31merror[0m: expected a declaration

[01m[0m[01m/opt/ros/foxy/include/rclcpp/node_interfaces/node_waitables_interface.hpp(52)[0m: [01;31merror[0m: expected a declaration

[01m[0m[01m/opt/ros/foxy/include/rclcpp/node_interfaces/node_waitables_interface.hpp(54)[0m: [01;31merror[0m: expected a declaration

[01m[0m[01m/opt/ros/foxy/include/rclcpp/node_options.hpp(86)[0m: [01;31merror[0m: a type qualifier is not allowed on a nonmember function

[01m[0m[01m/opt/ros/foxy/include/rclcpp/node_options.hpp(91)[0m: [01;31merror[0m: a type qualifier is not allowed on a nonmember function

[01m[0m[01m/opt/ros/foxy/include/rclcpp/node_options.hpp(95)[0m: [01;31merror[0m: identifier "[01mNodeOptions[0m" is undefined

[01m[0m[01m/opt/ros/foxy/include/rclcpp/node_options.hpp(101)[0m: [01;31merror[0m: a type qualifier is not allowed on a nonmember function

[01m[0m[01m/opt/ros/foxy/include/rclcpp/node_options.hpp(111)[0m: [01;31merror[0m: identifier "[01mNodeOptions[0m" is undefined

[01m[0m[01m/opt/ros/foxy/include/rclcpp/node_options.hpp(121)[0m: [01;31merror[0m: a type qualifier is not allowed on a nonmember function

[01m[0m[01m/opt/ros/foxy/include/rclcpp/node_options.hpp(121)[0m: [01;31merror[0m: cannot overload functions distinguished by return type alone

[01m[0m[01m/opt/ros/foxy/include/rclcpp/node_options.hpp(130)[0m: [01;31merror[0m: identifier "[01mNodeOptions[0m" is undefined

[01m[0m[01m/opt/ros/foxy/include/rclcpp/node_options.hpp(135)[0m: [01;31merror[0m: identifier "[01mNodeOptions[0m" is undefined

[01m[0m[01m/opt/ros/foxy/include/rclcpp/node_options.hpp(145)[0m: [01;31merror[0m: a type qualifier is not allowed on a nonmember function

[01m[0m[01m/opt/ros/foxy/include/rclcpp/node_options.hpp(156)[0m: [01;31merror[0m: identifier "[01mNodeOptions[0m" is undefined

[01m[0m[01m/opt/ros/foxy/include/rclcpp/node_options.hpp(162)[0m: [01;31merror[0m: a type qualifier is not allowed on a nonmember function

[01m[0m[01m/opt/ros/foxy/include/rclcpp/node_options.hpp(172)[0m: [01;31merror[0m: identifier "[01mNodeOptions[0m" is undefined

[01m[0m[01m/opt/ros/foxy/include/rclcpp/node_options.hpp(178)[0m: [01;31merror[0m: a type qualifier is not allowed on a nonmember function

[01m[0m[01m/opt/ros/foxy/include/rclcpp/node_options.hpp(191)[0m: [01;31merror[0m: identifier "[01mNodeOptions[0m" is undefined

[01m[0m[01m/opt/ros/foxy/include/rclcpp/node_options.hpp(197)[0m: [01;31merror[0m: a type qualifier is not allowed on a nonmember function

[01m[0m[01m/opt/ros/foxy/include/rclcpp/node_options.hpp(208)[0m: [01;31merror[0m: identifier "[01mNodeOptions[0m" is undefined

[01m[0m[01m/opt/ros/foxy/include/rclcpp/node_options.hpp(214)[0m: [01;31merror[0m: a type qualifier is not allowed on a nonmember function

[01m[0m[01m/opt/ros/foxy/include/rclcpp/node_options.hpp(227)[0m: [01;31merror[0m: identifier "[01mNodeOptions[0m" is undefined

[01m[0m[01m/opt/ros/foxy/include/rclcpp/node_options.hpp(233)[0m: [01;31merror[0m: a type qualifier is not allowed on a nonmember function

[01m[0m[01m/opt/ros/foxy/include/rclcpp/node_options.hpp(243)[0m: [01;31merror[0m: identifier "[01mNodeOptions[0m" is undefined

[01m[0m[01m/opt/ros/foxy/include/rclcpp/node_options.hpp(249)[0m: [01;31merror[0m: a type qualifier is not allowed on a nonmember function

[01m[0m[01m/opt/ros/foxy/include/rclcpp/node_options.hpp(256)[0m: [01;31merror[0m: identifier "[01mNodeOptions[0m" is undefined

[01m[0m[01m/opt/ros/foxy/include/rclcpp/node_options.hpp(262)[0m: [01;31merror[0m: a type qualifier is not allowed on a nonmember function

[01m[0m[01m/opt/ros/foxy/include/rclcpp/node_options.hpp(273)[0m: [01;31merror[0m: identifier "[01mNodeOptions[0m" is undefined

[01m[0m[01m/opt/ros/foxy/include/rclcpp/node_options.hpp(280)[0m: [01;31merror[0m: a type qualifier is not allowed on a nonmember function

[01m[0m[01m/opt/ros/foxy/include/rclcpp/node_options.hpp(293)[0m: [01;31merror[0m: identifier "[01mNodeOptions[0m" is undefined

[01m[0m[01m/opt/ros/foxy/include/rclcpp/node_options.hpp(299)[0m: [01;31merror[0m: a type qualifier is not allowed on a nonmember function

[01m[0m[01m/opt/ros/foxy/include/rclcpp/node_options.hpp(313)[0m: [01;31merror[0m: identifier "[01mNodeOptions[0m" is undefined

[01m[0m[01m/opt/ros/foxy/include/rclcpp/node_options.hpp(320)[0m: [01;31merror[0m: a type qualifier is not allowed on a nonmember function

[01m[0m[01m/opt/ros/foxy/include/rclcpp/node_options.hpp(327)[0m: [01;31merror[0m: identifier "[01mNodeOptions[0m" is undefined

Error limit reached.
100 errors detected in the compilation of "/home/kt/repos/mppi/src/mppi/src/mppi_node.cu".
Compilation terminated.
make[2]: *** [CMakeFiles/mppi_node.dir/build.make:63: CMakeFiles/mppi_node.dir/src/mppi_node.cu.o] Error 1
make[1]: *** [CMakeFiles/Makefile2:120: CMakeFiles/mppi_node.dir/all] Error 2
make: *** [Makefile:141: all] Error 2
